<?xml version="1.0" encoding="UTF-8"?>
<!-- Generated by org.testng.reporters.JUnitReportReporter -->
<testsuite hostname="Hemants-MacBook-Pro.local" failures="0" tests="1" name="Mumzworld.AddProductsToCart" time="29.971" errors="0" timestamp="2024-10-04T01:54:46 GST" skipped="0">
  <testcase classname="Mumzworld.AddProductsToCart" name="AddProductAndCheckout" time="29.971"/>
  <system-out/>
</testsuite> <!-- Mumzworld.AddProductsToCart -->
