<?xml version="1.0" encoding="UTF-8"?>
<!-- Generated by org.testng.reporters.JUnitReportReporter -->
<testsuite hostname="Hemants-MacBook-Pro.local" failures="0" tests="1" name="MumzworldTest.AddProductsToCart" time="18.072" errors="0" timestamp="2024-10-04T14:31:16 GST" skipped="0">
  <testcase classname="MumzworldTest.AddProductsToCart" name="AddProductAndCheckout" time="18.072"/>
  <system-out/>
</testsuite> <!-- MumzworldTest.AddProductsToCart -->
